\BOOKMARK [1][-]{section.1}{\376\377\000P\000u\000r\000p\000o\000s\000e}{}% 1
\BOOKMARK [1][-]{section.2}{\376\377\000P\000r\000o\000j\000e\000c\000t\000\040\000O\000v\000e\000r\000v\000i\000e\000w}{}% 2
\BOOKMARK [1][-]{section.3}{\376\377\000N\000o\000t\000a\000t\000i\000o\000n}{}% 3
\BOOKMARK [1][-]{section.4}{\376\377\000D\000o\000c\000u\000m\000e\000n\000t\000a\000t\000i\000o\000n\000\040\000P\000r\000o\000c\000e\000s\000s}{}% 4
\BOOKMARK [1][-]{section.5}{\376\377\000M\000e\000t\000h\000o\000d\000s}{}% 5
\BOOKMARK [2][-]{subsection.5.1}{\376\377\000N\000e\000t\000w\000o\000r\000k\000\040\000U\000p\000d\000a\000t\000e\000\040\000a\000n\000d\000\040\000R\000e\000p\000e\000r\000t\000o\000i\000r\000e\000s}{section.5}% 6
\BOOKMARK [2][-]{subsection.5.2}{\376\377\000G\000a\000t\000e\000\040\000S\000e\000m\000a\000n\000t\000i\000c\000s}{section.5}% 7
\BOOKMARK [2][-]{subsection.5.3}{\376\377\000M\000i\000x\000e\000d\000\040\000D\000y\000n\000a\000m\000i\000c\000s\000\040\000V\000a\000l\000i\000d\000a\000t\000i\000o\000n}{section.5}% 8
\BOOKMARK [2][-]{subsection.5.4}{\376\377\000I\000l\000l\000u\000s\000t\000r\000a\000t\000i\000v\000e\000\040\000E\000x\000a\000m\000p\000l\000e}{section.5}% 9
\BOOKMARK [2][-]{subsection.5.5}{\376\377\000P\000r\000e\000d\000i\000c\000t\000i\000v\000e\000\040\000M\000e\000t\000h\000o\000d\000s\000\040\000a\000n\000d\000\040\000M\000e\000t\000r\000i\000c\000s}{section.5}% 10
\BOOKMARK [1][-]{section.6}{\376\377\000R\000e\000s\000u\000l\000t\000s}{}% 11
\BOOKMARK [2][-]{subsection.6.1}{\376\377\000T\000S\000K\000-\000G\000A\000T\000E\000S\000-\0000\0000\0002\000:\000\040\000G\000a\000t\000e\000\040\000D\000i\000s\000p\000a\000t\000c\000h\000\040\000A\000b\000s\000t\000r\000a\000c\000t\000i\000o\000n}{section.6}% 12
\BOOKMARK [2][-]{subsection.6.2}{\376\377\000T\000S\000K\000-\000M\000I\000X\000E\000D\000-\0000\0000\0002\000:\000\040\000M\000i\000x\000e\000d\000\040\000D\000y\000n\000a\000m\000i\000c\000s\000\040\000V\000a\000l\000i\000d\000a\000t\000i\000o\000n}{section.6}% 13
\BOOKMARK [2][-]{subsection.6.3}{\376\377\000T\000S\000K\000-\000G\000A\000T\000E\000S\000-\0000\0000\0003\000:\000\040\000S\000t\000o\000c\000h\000a\000s\000t\000i\000c\000\040\000G\000a\000t\000e\000\040\000N\000o\000i\000s\000e\000\040\000T\000o\000g\000g\000l\000e\000s}{section.6}% 14
\BOOKMARK [2][-]{subsection.6.4}{\376\377\000T\000S\000K\000-\000P\000A\000T\000T\000E\000R\000N\000-\0000\0000\0001\000:\000\040\000O\000r\000d\000e\000r\000e\000d\000\040\000R\000e\000p\000e\000r\000t\000o\000i\000r\000e\000\040\000P\000a\000t\000t\000e\000r\000n\000\040\000M\000e\000t\000h\000o\000d}{section.6}% 15
\BOOKMARK [2][-]{subsection.6.5}{\376\377\000T\000S\000K\000-\000P\000A\000T\000T\000E\000R\000N\000-\0000\0000\0002\000:\000\040\000S\000y\000m\000b\000o\000l\000i\000c\000\040\000P\000a\000t\000t\000e\000r\000n\000\040\000F\000o\000r\000m\000u\000l\000a\000e\000\040\000a\000c\000r\000o\000s\000s\000\040\000G\000a\000t\000e\000\040\000F\000a\000m\000i\000l\000i\000e\000s}{section.6}% 16
\BOOKMARK [2][-]{subsection.6.6}{\376\377\000T\000S\000K\000-\000P\000A\000T\000T\000E\000R\000N\000-\0000\0000\0003\000:\000\040\000E\000n\000s\000e\000m\000b\000l\000e\000\040\000V\000a\000l\000i\000d\000a\000t\000i\000o\000n\000\040\000o\000f\000\040\000P\000a\000t\000t\000e\000r\000n\000\040\000F\000o\000r\000m\000u\000l\000a\000e}{section.6}% 17
\BOOKMARK [2][-]{subsection.6.7}{\376\377\000T\000S\000K\000-\000P\000A\000T\000T\000E\000R\000N\000-\0000\0000\0004\000:\000\040\000M\000a\000n\000u\000s\000c\000r\000i\000p\000t\000\040\000I\000n\000t\000e\000g\000r\000a\000t\000i\000o\000n\000\040\000o\000f\000\040\000P\000a\000t\000t\000e\000r\000n\000\040\000F\000o\000r\000m\000u\000l\000a\000e}{section.6}% 18
\BOOKMARK [2][-]{subsection.6.8}{\376\377\000T\000S\000K\000-\000A\000N\000A\000L\000Y\000S\000I\000S\000-\000N\000O\000T\000:\000\040\000F\000o\000r\000m\000a\000l\000\040\000A\000n\000a\000l\000y\000s\000i\000s\000\040\000o\000f\000\040\000N\000O\000T\000\040\000D\000y\000n\000a\000m\000i\000c\000s}{section.6}% 19
\BOOKMARK [2][-]{subsection.6.9}{\376\377\000T\000S\000K\000-\000A\000N\000A\000L\000Y\000S\000I\000S\000-\000I\000M\000P\000L\000I\000E\000S\000:\000\040\000F\000o\000r\000m\000a\000l\000\040\000A\000n\000a\000l\000y\000s\000i\000s\000\040\000o\000f\000\040\000A\000s\000y\000m\000m\000e\000t\000r\000i\000c\000\040\000E\000n\000t\000a\000i\000l\000m\000e\000n\000t}{section.6}% 20
\BOOKMARK [2][-]{subsection.6.10}{\376\377\000T\000S\000K\000-\000A\000N\000A\000L\000Y\000S\000I\000S\000-\000K\000O\000F\000N\000:\000\040\000T\000h\000r\000e\000s\000h\000o\000l\000d\000\040\000F\000u\000n\000c\000t\000i\000o\000n\000s\000\040\000a\000n\000d\000\040\000B\000a\000n\000d\000e\000d\000\040\000I\000n\000d\000e\000x\000\040\000S\000e\000t\000s}{section.6}% 21
\BOOKMARK [2][-]{subsection.6.11}{\376\377\000T\000S\000K\000-\000A\000N\000A\000L\000Y\000S\000I\000S\000-\000C\000A\000N\000A\000L\000I\000S\000I\000N\000G\000:\000\040\000C\000o\000l\000l\000a\000p\000s\000e\000\040\000R\000u\000l\000e\000s\000\040\000a\000n\000d\000\040\000I\000n\000d\000e\000x\000\040\000F\000o\000r\000m\000u\000l\000a\000e}{section.6}% 22
\BOOKMARK [2][-]{subsection.6.12}{\376\377\000T\000S\000K\000-\000M\000I\000X\000E\000D\000-\0000\0000\0001\000:\000\040\000C\000o\000m\000p\000o\000s\000i\000t\000i\000o\000n\000\040\000R\000u\000l\000e\000s\000\040\000f\000o\000r\000\040\000M\000i\000x\000e\000d\000\040\000G\000a\000t\000e\000\040\000D\000y\000n\000a\000m\000i\000c\000s}{section.6}% 23
\BOOKMARK [2][-]{subsection.6.13}{\376\377\000T\000S\000K\000-\000M\000I\000X\000E\000D\000-\0000\0000\0001\000\040\000\050\000E\000x\000t\000e\000n\000d\000e\000d\000\051\000:\000\040\000P\000r\000e\000d\000i\000c\000t\000i\000v\000e\000\040\000C\000o\000m\000p\000o\000s\000i\000t\000i\000o\000n\000\040\000F\000r\000a\000m\000e\000w\000o\000r\000k\000\040\000a\000n\000d\000\040\000C\000o\000m\000p\000a\000r\000a\000t\000i\000v\000e\000\040\000V\000a\000l\000i\000d\000a\000t\000i\000o\000n}{section.6}% 24
\BOOKMARK [2][-]{subsection.6.14}{\376\377\000T\000S\000K\000-\000M\000I\000X\000E\000D\000-\0000\0000\0002\000:\000\040\000E\000n\000s\000e\000m\000b\000l\000e\000\040\000V\000a\000l\000i\000d\000a\000t\000i\000o\000n\000\040\000o\000f\000\040\000M\000i\000x\000e\000d\000\040\000D\000i\000s\000p\000a\000t\000c\000h}{section.6}% 25
\BOOKMARK [2][-]{subsection.6.15}{\376\377\000T\000S\000K\000-\000M\000I\000X\000E\000D\000-\0000\0000\0002\000\040\000\050\000E\000x\000t\000e\000n\000d\000e\000d\000\051\000:\000\040\000E\000n\000s\000e\000m\000b\000l\000e\000\040\000B\000e\000n\000c\000h\000m\000a\000r\000k\000i\000n\000g\000\040\000a\000n\000d\000\040\000S\000t\000a\000t\000i\000s\000t\000i\000c\000a\000l\000\040\000V\000a\000l\000i\000d\000a\000t\000i\000o\000n}{section.6}% 26
\BOOKMARK [2][-]{subsection.6.16}{\376\377\000T\000S\000K\000-\000M\000I\000X\000E\000D\000-\0000\0000\0003\000:\000\040\000M\000a\000n\000u\000s\000c\000r\000i\000p\000t\000\040\000I\000n\000t\000e\000g\000r\000a\000t\000i\000o\000n\000\040\000o\000f\000\040\000M\000i\000x\000e\000d\000\040\000D\000y\000n\000a\000m\000i\000c\000s}{section.6}% 27
\BOOKMARK [2][-]{subsection.6.17}{\376\377\000T\000S\000K\000-\000M\000I\000X\000E\000D\000-\0000\0000\0003\000\040\000\050\000E\000x\000t\000e\000n\000d\000e\000d\000\051\000:\000\040\000L\000a\000r\000g\000e\000r\000\040\000M\000i\000x\000e\000d\000-\000G\000a\000t\000e\000\040\000E\000x\000p\000e\000r\000i\000m\000e\000n\000t\000\040\000\050\0001\0000\000\040\000N\000o\000d\000e\000s\000\051}{section.6}% 28
\BOOKMARK [2][-]{subsection.6.18}{\376\377\000T\000S\000K\000-\000A\000N\000A\000L\000Y\000S\000I\000S\000-\000A\000N\000D\000:\000\040\000F\000o\000r\000m\000a\000l\000\040\000A\000n\000a\000l\000y\000s\000i\000s\000\040\000o\000f\000\040\000A\000N\000D\000\040\000D\000y\000n\000a\000m\000i\000c\000s}{section.6}% 29
\BOOKMARK [1][-]{section.7}{\376\377\000R\000e\000p\000r\000o\000d\000u\000c\000i\000b\000i\000l\000i\000t\000y}{}% 30
\BOOKMARK [1][-]{section.8}{\376\377\000R\000e\000f\000e\000r\000e\000n\000c\000e\000s}{}% 31
\BOOKMARK [2][-]{subsection.8.1}{\376\377\000T\000S\000K\000-\000A\000N\000A\000L\000Y\000S\000I\000S\000-\000O\000R\000:\000\040\000F\000o\000r\000m\000a\000l\000\040\000A\000n\000a\000l\000y\000s\000i\000s\000\040\000o\000f\000\040\000O\000R\000\040\000D\000y\000n\000a\000m\000i\000c\000s}{section.8}% 32
\BOOKMARK [2][-]{subsection.8.2}{\376\377\000T\000S\000K\000-\000A\000N\000A\000L\000Y\000S\000I\000S\000-\000O\000R\000\040\000\050\000C\000o\000n\000t\000i\000n\000u\000a\000t\000i\000o\000n\000\051\000:\000\040\000E\000x\000h\000a\000u\000s\000t\000i\000v\000e\000\040\000D\000i\000s\000c\000o\000v\000e\000r\000y\000\040\000a\000n\000d\000\040\000F\000o\000r\000m\000u\000l\000a\000\040\000F\000o\000r\000m\000a\000l\000i\000s\000a\000t\000i\000o\000n}{section.8}% 33
\BOOKMARK [2][-]{subsection.8.3}{\376\377\000T\000S\000K\000-\000A\000N\000A\000L\000Y\000S\000I\000S\000-\000X\000O\000R\000:\000\040\000F\000o\000r\000m\000a\000l\000\040\000A\000n\000a\000l\000y\000s\000i\000s\000\040\000o\000f\000\040\000X\000O\000R\000\040\000D\000y\000n\000a\000m\000i\000c\000s}{section.8}% 34
\BOOKMARK [2][-]{subsection.8.4}{\376\377\000T\000S\000K\000-\000A\000N\000A\000L\000Y\000S\000I\000S\000-\000N\000A\000N\000D\000:\000\040\000F\000o\000r\000m\000a\000l\000\040\000A\000n\000a\000l\000y\000s\000i\000s\000\040\000o\000f\000\040\000N\000A\000N\000D\000\040\000D\000y\000n\000a\000m\000i\000c\000s}{section.8}% 35
\BOOKMARK [2][-]{subsection.8.5}{\376\377\000T\000S\000K\000-\000A\000N\000A\000L\000Y\000S\000I\000S\000-\000N\000O\000R\000:\000\040\000F\000o\000r\000m\000a\000l\000\040\000A\000n\000a\000l\000y\000s\000i\000s\000\040\000o\000f\000\040\000N\000O\000R\000\040\000D\000y\000n\000a\000m\000i\000c\000s}{section.8}% 36
\BOOKMARK [2][-]{subsection.8.6}{\376\377\000T\000S\000K\000-\000A\000N\000A\000L\000Y\000S\000I\000S\000-\000X\000N\000O\000R\000:\000\040\000F\000o\000r\000m\000a\000l\000\040\000A\000n\000a\000l\000y\000s\000i\000s\000\040\000o\000f\000\040\000X\000N\000O\000R\000\040\000D\000y\000n\000a\000m\000i\000c\000s}{section.8}% 37
\BOOKMARK [1][-]{section.9}{\376\377\000T\000h\000e\000o\000r\000y}{}% 38
\BOOKMARK [2][-]{subsection.9.1}{\376\377\000T\000S\000K\000-\000T\000H\000E\000O\000R\000Y\000-\0000\0000\0005\000:\000\040\000O\000r\000d\000e\000r\000i\000n\000g\000\040\000T\000r\000a\000n\000s\000f\000o\000r\000m\000\040\000I\000n\000v\000a\000r\000i\000a\000n\000c\000e\000\040\000f\000o\000r\000\040\000I\000n\000d\000e\000x\000-\000S\000e\000t\000\040\000A\000l\000g\000e\000b\000r\000a}{section.9}% 39
\BOOKMARK [2][-]{subsection.9.2}{\376\377\000T\000S\000K\000-\000T\000H\000E\000O\000R\000Y\000-\0000\0000\0006\000:\000\040\000C\000l\000o\000s\000u\000r\000e\000\040\000a\000n\000d\000\040\000C\000o\000m\000p\000o\000s\000i\000t\000i\000o\000n\000a\000l\000i\000t\000y\000\040\000o\000f\000\040\000I\000n\000d\000e\000x\000-\000S\000e\000t\000\040\000O\000p\000e\000r\000a\000t\000i\000o\000n\000s}{section.9}% 40
\BOOKMARK [2][-]{subsection.9.3}{\376\377\000T\000S\000K\000-\000T\000H\000E\000O\000R\000Y\000-\0000\0000\0001\000:\000\040\000B\000e\000h\000a\000v\000i\000o\000u\000r\000a\000l\000\040\000C\000o\000m\000p\000r\000e\000s\000s\000i\000o\000n\000\040\000F\000u\000n\000c\000t\000i\000o\000n\000a\000l\000\040\000\050\000F\000o\000r\000m\000u\000l\000a\000e\000-\000B\000a\000s\000e\000d\000\051}{section.9}% 41
\BOOKMARK [2][-]{subsection.9.4}{\376\377\000T\000S\000K\000-\000T\000H\000E\000O\000R\000Y\000-\0000\0000\0002\000:\000\040\000S\000e\000n\000s\000i\000t\000i\000v\000i\000t\000y\000/\000I\000n\000f\000l\000u\000e\000n\000c\000e\000\040\000R\000e\000l\000a\000t\000i\000o\000n\000s\000\040\000a\000n\000d\000\040\000C\000o\000m\000p\000r\000e\000s\000s\000i\000o\000n\000\040\000N\000o\000r\000m\000a\000l\000i\000s\000a\000t\000i\000o\000n}{section.9}% 42
\BOOKMARK [2][-]{subsection.9.5}{\376\377\000T\000S\000K\000-\000T\000H\000E\000O\000R\000Y\000-\0000\0000\0003\000:\000\040\000D\000e\000c\000o\000m\000p\000o\000s\000i\000t\000i\000o\000n\000\040\000A\000c\000r\000o\000s\000s\000\040\000C\000u\000t\000\040\000S\000e\000t\000s\000\040\000a\000n\000d\000\040\000C\000a\000n\000a\000l\000i\000s\000a\000t\000i\000o\000n\000\040\000E\000f\000f\000e\000c\000t\000s}{section.9}% 43
\BOOKMARK [2][-]{subsection.9.6}{\376\377\000T\000S\000K\000-\000T\000H\000E\000O\000R\000Y\000-\0000\0000\0004\000:\000\040\000C\000a\000n\000o\000n\000i\000c\000a\000l\000\040\000I\000n\000d\000e\000x\000-\000S\000e\000t\000\040\000R\000e\000p\000r\000e\000s\000e\000n\000t\000a\000t\000i\000o\000n\000\040\000a\000n\000d\000\040\000O\000r\000d\000e\000r\000i\000n\000g\000\040\000I\000n\000v\000a\000r\000i\000a\000n\000c\000e}{section.9}% 44
\BOOKMARK [2][-]{subsection.9.7}{\376\377\000C\000o\000m\000p\000l\000e\000x\000i\000t\000y\000\040\000M\000e\000a\000s\000u\000r\000e\000s\000\040\000\050\000S\000u\000p\000p\000l\000e\000m\000e\000n\000t\000a\000r\000y\000\051}{section.9}% 45
\BOOKMARK [2][-]{subsection.9.8}{\376\377\000R\000e\000s\000u\000l\000t\000s\000\040\000S\000u\000m\000m\000a\000r\000y\000\040\000a\000n\000d\000\040\000I\000n\000t\000e\000r\000p\000r\000e\000t\000a\000t\000i\000o\000n}{section.9}% 46
