This is pdfTeX, Version 3.141592653-2.6-1.40.27 (TeX Live 2025) (preloaded format=pdflatex 2025.3.8)  30 NOV 2025 18:09
entering extended mode
 restricted \write18 enabled.
 file:line:error style messages enabled.
 %&-line parsing enabled.
**/Users/alberto/Documents/projects/CausalBoolIntegration/doc/newIntPaper/docProcess
(/Users/alberto/Documents/projects/CausalBoolIntegration/doc/newIntPaper/docProcess.tex
LaTeX2e <2024-11-01> patch level 2
L3 programming layer <2025-01-18>
(/usr/local/texlive/2025/texmf-dist/tex/latex/base/article.cls
Document Class: article 2024/06/29 v1.4n Standard LaTeX document class
(/usr/local/texlive/2025/texmf-dist/tex/latex/base/size11.clo
File: size11.clo 2024/06/29 v1.4n Standard LaTeX file (size option)
)
\c@part=\count196
\c@section=\count197
\c@subsection=\count198
\c@subsubsection=\count199
\c@paragraph=\count266
\c@subparagraph=\count267
\c@figure=\count268
\c@table=\count269
\abovecaptionskip=\skip49
\belowcaptionskip=\skip50
\bibindent=\dimen141
) (/usr/local/texlive/2025/texmf-dist/tex/latex/geometry/geometry.sty
Package: geometry 2020/01/02 v5.9 Page Geometry
 (/usr/local/texlive/2025/texmf-dist/tex/latex/graphics/keyval.sty
Package: keyval 2022/05/29 v1.15 key=value parser (DPC)
\KV@toks@=\toks17
) (/usr/local/texlive/2025/texmf-dist/tex/generic/iftex/ifvtex.sty
Package: ifvtex 2019/10/25 v1.7 ifvtex legacy package. Use iftex instead.
 (/usr/local/texlive/2025/texmf-dist/tex/generic/iftex/iftex.sty
Package: iftex 2024/12/12 v1.0g TeX engine tests
))
\Gm@cnth=\count270
\Gm@cntv=\count271
\c@Gm@tempcnt=\count272
\Gm@bindingoffset=\dimen142
\Gm@wd@mp=\dimen143
\Gm@odd@mp=\dimen144
\Gm@even@mp=\dimen145
\Gm@layoutwidth=\dimen146
\Gm@layoutheight=\dimen147
\Gm@layouthoffset=\dimen148
\Gm@layoutvoffset=\dimen149
\Gm@dimlist=\toks18
) (/usr/local/texlive/2025/texmf-dist/tex/latex/graphics/graphicx.sty
Package: graphicx 2021/09/16 v1.2d Enhanced LaTeX Graphics (DPC,SPQR)
 (/usr/local/texlive/2025/texmf-dist/tex/latex/graphics/graphics.sty
Package: graphics 2024/08/06 v1.4g Standard LaTeX Graphics (DPC,SPQR)
 (/usr/local/texlive/2025/texmf-dist/tex/latex/graphics/trig.sty
Package: trig 2023/12/02 v1.11 sin cos tan (DPC)
) (/usr/local/texlive/2025/texmf-dist/tex/latex/graphics-cfg/graphics.cfg
File: graphics.cfg 2016/06/04 v1.11 sample graphics configuration
)
Package graphics Info: Driver file: pdftex.def on input line 106.
 (/usr/local/texlive/2025/texmf-dist/tex/latex/graphics-def/pdftex.def
File: pdftex.def 2024/04/13 v1.2c Graphics/color driver for pdftex
))
\Gin@req@height=\dimen150
\Gin@req@width=\dimen151
) (/usr/local/texlive/2025/texmf-dist/tex/latex/amsmath/amsmath.sty
Package: amsmath 2024/11/05 v2.17t AMS math features
\@mathmargin=\skip51

For additional information on amsmath, use the `?' option.
(/usr/local/texlive/2025/texmf-dist/tex/latex/amsmath/amstext.sty
Package: amstext 2021/08/26 v2.01 AMS text
 (/usr/local/texlive/2025/texmf-dist/tex/latex/amsmath/amsgen.sty
File: amsgen.sty 1999/11/30 v2.0 generic functions
\@emptytoks=\toks19
\ex@=\dimen152
)) (/usr/local/texlive/2025/texmf-dist/tex/latex/amsmath/amsbsy.sty
Package: amsbsy 1999/11/29 v1.2d Bold Symbols
\pmbraise@=\dimen153
) (/usr/local/texlive/2025/texmf-dist/tex/latex/amsmath/amsopn.sty
Package: amsopn 2022/04/08 v2.04 operator names
)
\inf@bad=\count273
LaTeX Info: Redefining \frac on input line 233.
\uproot@=\count274
\leftroot@=\count275
LaTeX Info: Redefining \overline on input line 398.
LaTeX Info: Redefining \colon on input line 409.
\classnum@=\count276
\DOTSCASE@=\count277
LaTeX Info: Redefining \ldots on input line 495.
LaTeX Info: Redefining \dots on input line 498.
LaTeX Info: Redefining \cdots on input line 619.
\Mathstrutbox@=\box52
\strutbox@=\box53
LaTeX Info: Redefining \big on input line 721.
LaTeX Info: Redefining \Big on input line 722.
LaTeX Info: Redefining \bigg on input line 723.
LaTeX Info: Redefining \Bigg on input line 724.
\big@size=\dimen154
LaTeX Font Info:    Redeclaring font encoding OML on input line 742.
LaTeX Font Info:    Redeclaring font encoding OMS on input line 743.
\macc@depth=\count278
LaTeX Info: Redefining \bmod on input line 904.
LaTeX Info: Redefining \pmod on input line 909.
LaTeX Info: Redefining \smash on input line 939.
LaTeX Info: Redefining \relbar on input line 969.
LaTeX Info: Redefining \Relbar on input line 970.
\c@MaxMatrixCols=\count279
\dotsspace@=\muskip17
\c@parentequation=\count280
\dspbrk@lvl=\count281
\tag@help=\toks20
\row@=\count282
\column@=\count283
\maxfields@=\count284
\andhelp@=\toks21
\eqnshift@=\dimen155
\alignsep@=\dimen156
\tagshift@=\dimen157
\tagwidth@=\dimen158
\totwidth@=\dimen159
\lineht@=\dimen160
\@envbody=\toks22
\multlinegap=\skip52
\multlinetaggap=\skip53
\mathdisplay@stack=\toks23
LaTeX Info: Redefining \[ on input line 2953.
LaTeX Info: Redefining \] on input line 2954.
) (/usr/local/texlive/2025/texmf-dist/tex/latex/amsfonts/amssymb.sty
Package: amssymb 2013/01/14 v3.01 AMS font symbols
 (/usr/local/texlive/2025/texmf-dist/tex/latex/amsfonts/amsfonts.sty
Package: amsfonts 2013/01/14 v3.01 Basic AMSFonts support
\symAMSa=\mathgroup4
\symAMSb=\mathgroup5
LaTeX Font Info:    Redeclaring math symbol \hbar on input line 98.
LaTeX Font Info:    Overwriting math alphabet `\mathfrak' in version `bold'
(Font)                  U/euf/m/n --> U/euf/b/n on input line 106.
)) (/usr/local/texlive/2025/texmf-dist/tex/latex/mathtools/mathtools.sty
Package: mathtools 2024/10/04 v1.31 mathematical typesetting tools
 (/usr/local/texlive/2025/texmf-dist/tex/latex/tools/calc.sty
Package: calc 2023/07/08 v4.3 Infix arithmetic (KKT,FJ)
\calc@Acount=\count285
\calc@Bcount=\count286
\calc@Adimen=\dimen161
\calc@Bdimen=\dimen162
\calc@Askip=\skip54
\calc@Bskip=\skip55
LaTeX Info: Redefining \setlength on input line 80.
LaTeX Info: Redefining \addtolength on input line 81.
\calc@Ccount=\count287
\calc@Cskip=\skip56
) (/usr/local/texlive/2025/texmf-dist/tex/latex/mathtools/mhsetup.sty
Package: mhsetup 2021/03/18 v1.4 programming setup (MH)
)
\g_MT_multlinerow_int=\count288
\l_MT_multwidth_dim=\dimen163
\origjot=\skip57
\l_MT_shortvdotswithinadjustabove_dim=\dimen164
\l_MT_shortvdotswithinadjustbelow_dim=\dimen165
\l_MT_above_intertext_sep=\dimen166
\l_MT_below_intertext_sep=\dimen167
\l_MT_above_shortintertext_sep=\dimen168
\l_MT_below_shortintertext_sep=\dimen169
\xmathstrut@box=\box54
\xmathstrut@dim=\dimen170
) (/usr/local/texlive/2025/texmf-dist/tex/latex/booktabs/booktabs.sty
Package: booktabs 2020/01/12 v1.61803398 Publication quality tables
\heavyrulewidth=\dimen171
\lightrulewidth=\dimen172
\cmidrulewidth=\dimen173
\belowrulesep=\dimen174
\belowbottomsep=\dimen175
\aboverulesep=\dimen176
\abovetopsep=\dimen177
\cmidrulesep=\dimen178
\cmidrulekern=\dimen179
\defaultaddspace=\dimen180
\@cmidla=\count289
\@cmidlb=\count290
\@aboverulesep=\dimen181
\@belowrulesep=\dimen182
\@thisruleclass=\count291
\@lastruleclass=\count292
\@thisrulewidth=\dimen183
) (/usr/local/texlive/2025/texmf-dist/tex/latex/hyperref/hyperref.sty
Package: hyperref 2024-11-05 v7.01l Hypertext links for LaTeX
 (/usr/local/texlive/2025/texmf-dist/tex/latex/kvsetkeys/kvsetkeys.sty
Package: kvsetkeys 2022-10-05 v1.19 Key value parser (HO)
) (/usr/local/texlive/2025/texmf-dist/tex/generic/kvdefinekeys/kvdefinekeys.sty
Package: kvdefinekeys 2019-12-19 v1.6 Define keys (HO)
) (/usr/local/texlive/2025/texmf-dist/tex/generic/pdfescape/pdfescape.sty
Package: pdfescape 2019/12/09 v1.15 Implements pdfTeX's escape features (HO)
 (/usr/local/texlive/2025/texmf-dist/tex/generic/ltxcmds/ltxcmds.sty
Package: ltxcmds 2023-12-04 v1.26 LaTeX kernel commands for general use (HO)
) (/usr/local/texlive/2025/texmf-dist/tex/generic/pdftexcmds/pdftexcmds.sty
Package: pdftexcmds 2020-06-27 v0.33 Utility functions of pdfTeX for LuaTeX (HO)
 (/usr/local/texlive/2025/texmf-dist/tex/generic/infwarerr/infwarerr.sty
Package: infwarerr 2019/12/03 v1.5 Providing info/warning/error messages (HO)
)
Package pdftexcmds Info: \pdf@primitive is available.
Package pdftexcmds Info: \pdf@ifprimitive is available.
Package pdftexcmds Info: \pdfdraftmode found.
)) (/usr/local/texlive/2025/texmf-dist/tex/latex/hycolor/hycolor.sty
Package: hycolor 2020-01-27 v1.10 Color options for hyperref/bookmark (HO)
) (/usr/local/texlive/2025/texmf-dist/tex/latex/hyperref/nameref.sty
Package: nameref 2023-11-26 v2.56 Cross-referencing by name of section
 (/usr/local/texlive/2025/texmf-dist/tex/latex/refcount/refcount.sty
Package: refcount 2019/12/15 v3.6 Data extraction from label references (HO)
) (/usr/local/texlive/2025/texmf-dist/tex/generic/gettitlestring/gettitlestring.sty
Package: gettitlestring 2019/12/15 v1.6 Cleanup title references (HO)
 (/usr/local/texlive/2025/texmf-dist/tex/latex/kvoptions/kvoptions.sty
Package: kvoptions 2022-06-15 v3.15 Key value format for package options (HO)
))
\c@section@level=\count293
) (/usr/local/texlive/2025/texmf-dist/tex/latex/etoolbox/etoolbox.sty
Package: etoolbox 2025/02/11 v2.5l e-TeX tools for LaTeX (JAW)
\etb@tempcnta=\count294
) (/usr/local/texlive/2025/texmf-dist/tex/generic/stringenc/stringenc.sty
Package: stringenc 2019/11/29 v1.12 Convert strings between diff. encodings (HO)
)
\@linkdim=\dimen184
\Hy@linkcounter=\count295
\Hy@pagecounter=\count296
 (/usr/local/texlive/2025/texmf-dist/tex/latex/hyperref/pd1enc.def
File: pd1enc.def 2024-11-05 v7.01l Hyperref: PDFDocEncoding definition (HO)
Now handling font encoding PD1 ...
... no UTF-8 mapping file for font encoding PD1
) (/usr/local/texlive/2025/texmf-dist/tex/generic/intcalc/intcalc.sty
Package: intcalc 2019/12/15 v1.3 Expandable calculations with integers (HO)
)
\Hy@SavedSpaceFactor=\count297
 (/usr/local/texlive/2025/texmf-dist/tex/latex/hyperref/puenc.def
File: puenc.def 2024-11-05 v7.01l Hyperref: PDF Unicode definition (HO)
Now handling font encoding PU ...
... no UTF-8 mapping file for font encoding PU
)
Package hyperref Info: Hyper figures OFF on input line 4157.
Package hyperref Info: Link nesting OFF on input line 4162.
Package hyperref Info: Hyper index ON on input line 4165.
Package hyperref Info: Plain pages OFF on input line 4172.
Package hyperref Info: Backreferencing OFF on input line 4177.
Package hyperref Info: Implicit mode ON; LaTeX internals redefined.
Package hyperref Info: Bookmarks ON on input line 4424.
\c@Hy@tempcnt=\count298
 (/usr/local/texlive/2025/texmf-dist/tex/latex/url/url.sty
\Urlmuskip=\muskip18
Package: url 2013/09/16  ver 3.4  Verb mode for urls, etc.
)
LaTeX Info: Redefining \url on input line 4763.
\XeTeXLinkMargin=\dimen185
 (/usr/local/texlive/2025/texmf-dist/tex/generic/bitset/bitset.sty
Package: bitset 2019/12/09 v1.3 Handle bit-vector datatype (HO)
 (/usr/local/texlive/2025/texmf-dist/tex/generic/bigintcalc/bigintcalc.sty
Package: bigintcalc 2019/12/15 v1.5 Expandable calculations on big integers (HO)
))
\Fld@menulength=\count299
\Field@Width=\dimen186
\Fld@charsize=\dimen187
Package hyperref Info: Hyper figures OFF on input line 6042.
Package hyperref Info: Link nesting OFF on input line 6047.
Package hyperref Info: Hyper index ON on input line 6050.
Package hyperref Info: backreferencing OFF on input line 6057.
Package hyperref Info: Link coloring OFF on input line 6062.
Package hyperref Info: Link coloring with OCG OFF on input line 6067.
Package hyperref Info: PDF/A mode OFF on input line 6072.
 (/usr/local/texlive/2025/texmf-dist/tex/latex/base/atbegshi-ltx.sty
Package: atbegshi-ltx 2021/01/10 v1.0c Emulation of the original atbegshi
package with kernel methods
)
\Hy@abspage=\count300
\c@Item=\count301
\c@Hfootnote=\count302
)
Package hyperref Info: Driver (autodetected): hpdftex.
 (/usr/local/texlive/2025/texmf-dist/tex/latex/hyperref/hpdftex.def
File: hpdftex.def 2024-11-05 v7.01l Hyperref driver for pdfTeX
 (/usr/local/texlive/2025/texmf-dist/tex/latex/base/atveryend-ltx.sty
Package: atveryend-ltx 2020/08/19 v1.0a Emulation of the original atveryend package
with kernel methods
)
\Fld@listcount=\count303
\c@bookmark@seq@number=\count304
 (/usr/local/texlive/2025/texmf-dist/tex/latex/rerunfilecheck/rerunfilecheck.sty
Package: rerunfilecheck 2022-07-10 v1.10 Rerun checks for auxiliary files (HO)
 (/usr/local/texlive/2025/texmf-dist/tex/generic/uniquecounter/uniquecounter.sty
Package: uniquecounter 2019/12/15 v1.4 Provide unlimited unique counter (HO)
)
Package uniquecounter Info: New unique counter `rerunfilecheck' on input line 285.
)
\Hy@SectionHShift=\skip58
) (/usr/local/texlive/2025/texmf-dist/tex/latex/listings/listings.sty
\lst@mode=\count305
\lst@gtempboxa=\box55
\lst@token=\toks24
\lst@length=\count306
\lst@currlwidth=\dimen188
\lst@column=\count307
\lst@pos=\count308
\lst@lostspace=\dimen189
\lst@width=\dimen190
\lst@newlines=\count309
\lst@lineno=\count310
\lst@maxwidth=\dimen191
 (/usr/local/texlive/2025/texmf-dist/tex/latex/listings/lstpatch.sty
File: lstpatch.sty 2024/09/23 1.10c (Carsten Heinz)
) (/usr/local/texlive/2025/texmf-dist/tex/latex/listings/lstmisc.sty
File: lstmisc.sty 2024/09/23 1.10c (Carsten Heinz)
\c@lstnumber=\count311
\lst@skipnumbers=\count312
\lst@framebox=\box56
) (/usr/local/texlive/2025/texmf-dist/tex/latex/listings/listings.cfg
File: listings.cfg 2024/09/23 1.10c listings configuration
))
Package: listings 2024/09/23 1.10c (Carsten Heinz)
 (/usr/local/texlive/2025/texmf-dist/tex/latex/xcolor/xcolor.sty
Package: xcolor 2024/09/29 v3.02 LaTeX color extensions (UK)
 (/usr/local/texlive/2025/texmf-dist/tex/latex/graphics-cfg/color.cfg
File: color.cfg 2016/01/02 v1.6 sample color configuration
)
Package xcolor Info: Driver file: pdftex.def on input line 274.
 (/usr/local/texlive/2025/texmf-dist/tex/latex/graphics/mathcolor.ltx)
Package xcolor Info: Model `cmy' substituted by `cmy0' on input line 1349.
Package xcolor Info: Model `hsb' substituted by `rgb' on input line 1353.
Package xcolor Info: Model `RGB' extended on input line 1365.
Package xcolor Info: Model `HTML' substituted by `rgb' on input line 1367.
Package xcolor Info: Model `Hsb' substituted by `hsb' on input line 1368.
Package xcolor Info: Model `tHsb' substituted by `hsb' on input line 1369.
Package xcolor Info: Model `HSB' substituted by `hsb' on input line 1370.
Package xcolor Info: Model `Gray' substituted by `gray' on input line 1371.
Package xcolor Info: Model `wave' substituted by `hsb' on input line 1372.
) (/usr/local/texlive/2025/texmf-dist/tex/latex/pgf/frontendlayer/tikz.sty (/usr/local/texlive/2025/texmf-dist/tex/latex/pgf/basiclayer/pgf.sty (/usr/local/texlive/2025/texmf-dist/tex/latex/pgf/utilities/pgfrcs.sty (/usr/local/texlive/2025/texmf-dist/tex/generic/pgf/utilities/pgfutil-common.tex
\pgfutil@everybye=\toks25
\pgfutil@tempdima=\dimen192
\pgfutil@tempdimb=\dimen193
) (/usr/local/texlive/2025/texmf-dist/tex/generic/pgf/utilities/pgfutil-latex.def
\pgfutil@abb=\box57
) (/usr/local/texlive/2025/texmf-dist/tex/generic/pgf/utilities/pgfrcs.code.tex (/usr/local/texlive/2025/texmf-dist/tex/generic/pgf/pgf.revision.tex)
Package: pgfrcs 2023-01-15 v3.1.10 (3.1.10)
))
Package: pgf 2023-01-15 v3.1.10 (3.1.10)
 (/usr/local/texlive/2025/texmf-dist/tex/latex/pgf/basiclayer/pgfcore.sty (/usr/local/texlive/2025/texmf-dist/tex/latex/pgf/systemlayer/pgfsys.sty (/usr/local/texlive/2025/texmf-dist/tex/generic/pgf/systemlayer/pgfsys.code.tex
Package: pgfsys 2023-01-15 v3.1.10 (3.1.10)
 (/usr/local/texlive/2025/texmf-dist/tex/generic/pgf/utilities/pgfkeys.code.tex
\pgfkeys@pathtoks=\toks26
\pgfkeys@temptoks=\toks27
 (/usr/local/texlive/2025/texmf-dist/tex/generic/pgf/utilities/pgfkeyslibraryfiltered.code.tex
\pgfkeys@tmptoks=\toks28
))
\pgf@x=\dimen194
\pgf@y=\dimen195
\pgf@xa=\dimen196
\pgf@ya=\dimen197
\pgf@xb=\dimen198
\pgf@yb=\dimen199
\pgf@xc=\dimen256
\pgf@yc=\dimen257
\pgf@xd=\dimen258
\pgf@yd=\dimen259
\w@pgf@writea=\write3
\r@pgf@reada=\read2
\c@pgf@counta=\count313
\c@pgf@countb=\count314
\c@pgf@countc=\count315
\c@pgf@countd=\count316
\t@pgf@toka=\toks29
\t@pgf@tokb=\toks30
\t@pgf@tokc=\toks31
\pgf@sys@id@count=\count317
 (/usr/local/texlive/2025/texmf-dist/tex/generic/pgf/systemlayer/pgf.cfg
File: pgf.cfg 2023-01-15 v3.1.10 (3.1.10)
)
Driver file for pgf: pgfsys-pdftex.def
 (/usr/local/texlive/2025/texmf-dist/tex/generic/pgf/systemlayer/pgfsys-pdftex.def
File: pgfsys-pdftex.def 2023-01-15 v3.1.10 (3.1.10)
 (/usr/local/texlive/2025/texmf-dist/tex/generic/pgf/systemlayer/pgfsys-common-pdf.def
File: pgfsys-common-pdf.def 2023-01-15 v3.1.10 (3.1.10)
))) (/usr/local/texlive/2025/texmf-dist/tex/generic/pgf/systemlayer/pgfsyssoftpath.code.tex
File: pgfsyssoftpath.code.tex 2023-01-15 v3.1.10 (3.1.10)
\pgfsyssoftpath@smallbuffer@items=\count318
\pgfsyssoftpath@bigbuffer@items=\count319
) (/usr/local/texlive/2025/texmf-dist/tex/generic/pgf/systemlayer/pgfsysprotocol.code.tex
File: pgfsysprotocol.code.tex 2023-01-15 v3.1.10 (3.1.10)
)) (/usr/local/texlive/2025/texmf-dist/tex/generic/pgf/basiclayer/pgfcore.code.tex
Package: pgfcore 2023-01-15 v3.1.10 (3.1.10)
 (/usr/local/texlive/2025/texmf-dist/tex/generic/pgf/math/pgfmath.code.tex (/usr/local/texlive/2025/texmf-dist/tex/generic/pgf/math/pgfmathutil.code.tex) (/usr/local/texlive/2025/texmf-dist/tex/generic/pgf/math/pgfmathparser.code.tex
\pgfmath@dimen=\dimen260
\pgfmath@count=\count320
\pgfmath@box=\box58
\pgfmath@toks=\toks32
\pgfmath@stack@operand=\toks33
\pgfmath@stack@operation=\toks34
) (/usr/local/texlive/2025/texmf-dist/tex/generic/pgf/math/pgfmathfunctions.code.tex) (/usr/local/texlive/2025/texmf-dist/tex/generic/pgf/math/pgfmathfunctions.basic.code.tex) (/usr/local/texlive/2025/texmf-dist/tex/generic/pgf/math/pgfmathfunctions.trigonometric.code.tex) (/usr/local/texlive/2025/texmf-dist/tex/generic/pgf/math/pgfmathfunctions.random.code.tex) (/usr/local/texlive/2025/texmf-dist/tex/generic/pgf/math/pgfmathfunctions.comparison.code.tex) (/usr/local/texlive/2025/texmf-dist/tex/generic/pgf/math/pgfmathfunctions.base.code.tex) (/usr/local/texlive/2025/texmf-dist/tex/generic/pgf/math/pgfmathfunctions.round.code.tex) (/usr/local/texlive/2025/texmf-dist/tex/generic/pgf/math/pgfmathfunctions.misc.code.tex) (/usr/local/texlive/2025/texmf-dist/tex/generic/pgf/math/pgfmathfunctions.integerarithmetics.code.tex) (/usr/local/texlive/2025/texmf-dist/tex/generic/pgf/math/pgfmathcalc.code.tex) (/usr/local/texlive/2025/texmf-dist/tex/generic/pgf/math/pgfmathfloat.code.tex
\c@pgfmathroundto@lastzeros=\count321
)) (/usr/local/texlive/2025/texmf-dist/tex/generic/pgf/math/pgfint.code.tex) (/usr/local/texlive/2025/texmf-dist/tex/generic/pgf/basiclayer/pgfcorepoints.code.tex
File: pgfcorepoints.code.tex 2023-01-15 v3.1.10 (3.1.10)
\pgf@picminx=\dimen261
\pgf@picmaxx=\dimen262
\pgf@picminy=\dimen263
\pgf@picmaxy=\dimen264
\pgf@pathminx=\dimen265
\pgf@pathmaxx=\dimen266
\pgf@pathminy=\dimen267
\pgf@pathmaxy=\dimen268
\pgf@xx=\dimen269
\pgf@xy=\dimen270
\pgf@yx=\dimen271
\pgf@yy=\dimen272
\pgf@zx=\dimen273
\pgf@zy=\dimen274
) (/usr/local/texlive/2025/texmf-dist/tex/generic/pgf/basiclayer/pgfcorepathconstruct.code.tex
File: pgfcorepathconstruct.code.tex 2023-01-15 v3.1.10 (3.1.10)
\pgf@path@lastx=\dimen275
\pgf@path@lasty=\dimen276
) (/usr/local/texlive/2025/texmf-dist/tex/generic/pgf/basiclayer/pgfcorepathusage.code.tex
File: pgfcorepathusage.code.tex 2023-01-15 v3.1.10 (3.1.10)
\pgf@shorten@end@additional=\dimen277
\pgf@shorten@start@additional=\dimen278
) (/usr/local/texlive/2025/texmf-dist/tex/generic/pgf/basiclayer/pgfcorescopes.code.tex
File: pgfcorescopes.code.tex 2023-01-15 v3.1.10 (3.1.10)
\pgfpic=\box59
\pgf@hbox=\box60
\pgf@layerbox@main=\box61
\pgf@picture@serial@count=\count322
) (/usr/local/texlive/2025/texmf-dist/tex/generic/pgf/basiclayer/pgfcoregraphicstate.code.tex
File: pgfcoregraphicstate.code.tex 2023-01-15 v3.1.10 (3.1.10)
\pgflinewidth=\dimen279
) (/usr/local/texlive/2025/texmf-dist/tex/generic/pgf/basiclayer/pgfcoretransformations.code.tex
File: pgfcoretransformations.code.tex 2023-01-15 v3.1.10 (3.1.10)
\pgf@pt@x=\dimen280
\pgf@pt@y=\dimen281
\pgf@pt@temp=\dimen282
) (/usr/local/texlive/2025/texmf-dist/tex/generic/pgf/basiclayer/pgfcorequick.code.tex
File: pgfcorequick.code.tex 2023-01-15 v3.1.10 (3.1.10)
) (/usr/local/texlive/2025/texmf-dist/tex/generic/pgf/basiclayer/pgfcoreobjects.code.tex
File: pgfcoreobjects.code.tex 2023-01-15 v3.1.10 (3.1.10)
) (/usr/local/texlive/2025/texmf-dist/tex/generic/pgf/basiclayer/pgfcorepathprocessing.code.tex
File: pgfcorepathprocessing.code.tex 2023-01-15 v3.1.10 (3.1.10)
) (/usr/local/texlive/2025/texmf-dist/tex/generic/pgf/basiclayer/pgfcorearrows.code.tex
File: pgfcorearrows.code.tex 2023-01-15 v3.1.10 (3.1.10)
\pgfarrowsep=\dimen283
) (/usr/local/texlive/2025/texmf-dist/tex/generic/pgf/basiclayer/pgfcoreshade.code.tex
File: pgfcoreshade.code.tex 2023-01-15 v3.1.10 (3.1.10)
\pgf@max=\dimen284
\pgf@sys@shading@range@num=\count323
\pgf@shadingcount=\count324
) (/usr/local/texlive/2025/texmf-dist/tex/generic/pgf/basiclayer/pgfcoreimage.code.tex
File: pgfcoreimage.code.tex 2023-01-15 v3.1.10 (3.1.10)
) (/usr/local/texlive/2025/texmf-dist/tex/generic/pgf/basiclayer/pgfcoreexternal.code.tex
File: pgfcoreexternal.code.tex 2023-01-15 v3.1.10 (3.1.10)
\pgfexternal@startupbox=\box62
) (/usr/local/texlive/2025/texmf-dist/tex/generic/pgf/basiclayer/pgfcorelayers.code.tex
File: pgfcorelayers.code.tex 2023-01-15 v3.1.10 (3.1.10)
) (/usr/local/texlive/2025/texmf-dist/tex/generic/pgf/basiclayer/pgfcoretransparency.code.tex
File: pgfcoretransparency.code.tex 2023-01-15 v3.1.10 (3.1.10)
) (/usr/local/texlive/2025/texmf-dist/tex/generic/pgf/basiclayer/pgfcorepatterns.code.tex
File: pgfcorepatterns.code.tex 2023-01-15 v3.1.10 (3.1.10)
) (/usr/local/texlive/2025/texmf-dist/tex/generic/pgf/basiclayer/pgfcorerdf.code.tex
File: pgfcorerdf.code.tex 2023-01-15 v3.1.10 (3.1.10)
))) (/usr/local/texlive/2025/texmf-dist/tex/generic/pgf/modules/pgfmoduleshapes.code.tex
File: pgfmoduleshapes.code.tex 2023-01-15 v3.1.10 (3.1.10)
\pgfnodeparttextbox=\box63
) (/usr/local/texlive/2025/texmf-dist/tex/generic/pgf/modules/pgfmoduleplot.code.tex
File: pgfmoduleplot.code.tex 2023-01-15 v3.1.10 (3.1.10)
) (/usr/local/texlive/2025/texmf-dist/tex/latex/pgf/compatibility/pgfcomp-version-0-65.sty
Package: pgfcomp-version-0-65 2023-01-15 v3.1.10 (3.1.10)
\pgf@nodesepstart=\dimen285
\pgf@nodesepend=\dimen286
) (/usr/local/texlive/2025/texmf-dist/tex/latex/pgf/compatibility/pgfcomp-version-1-18.sty
Package: pgfcomp-version-1-18 2023-01-15 v3.1.10 (3.1.10)
)) (/usr/local/texlive/2025/texmf-dist/tex/latex/pgf/utilities/pgffor.sty (/usr/local/texlive/2025/texmf-dist/tex/latex/pgf/utilities/pgfkeys.sty (/usr/local/texlive/2025/texmf-dist/tex/generic/pgf/utilities/pgfkeys.code.tex)) (/usr/local/texlive/2025/texmf-dist/tex/latex/pgf/math/pgfmath.sty (/usr/local/texlive/2025/texmf-dist/tex/generic/pgf/math/pgfmath.code.tex)) (/usr/local/texlive/2025/texmf-dist/tex/generic/pgf/utilities/pgffor.code.tex
Package: pgffor 2023-01-15 v3.1.10 (3.1.10)
\pgffor@iter=\dimen287
\pgffor@skip=\dimen288
\pgffor@stack=\toks35
\pgffor@toks=\toks36
)) (/usr/local/texlive/2025/texmf-dist/tex/generic/pgf/frontendlayer/tikz/tikz.code.tex
Package: tikz 2023-01-15 v3.1.10 (3.1.10)
 (/usr/local/texlive/2025/texmf-dist/tex/generic/pgf/libraries/pgflibraryplothandlers.code.tex
File: pgflibraryplothandlers.code.tex 2023-01-15 v3.1.10 (3.1.10)
\pgf@plot@mark@count=\count325
\pgfplotmarksize=\dimen289
)
\tikz@lastx=\dimen290
\tikz@lasty=\dimen291
\tikz@lastxsaved=\dimen292
\tikz@lastysaved=\dimen293
\tikz@lastmovetox=\dimen294
\tikz@lastmovetoy=\dimen295
\tikzleveldistance=\dimen296
\tikzsiblingdistance=\dimen297
\tikz@figbox=\box64
\tikz@figbox@bg=\box65
\tikz@tempbox=\box66
\tikz@tempbox@bg=\box67
\tikztreelevel=\count326
\tikznumberofchildren=\count327
\tikznumberofcurrentchild=\count328
\tikz@fig@count=\count329
 (/usr/local/texlive/2025/texmf-dist/tex/generic/pgf/modules/pgfmodulematrix.code.tex
File: pgfmodulematrix.code.tex 2023-01-15 v3.1.10 (3.1.10)
\pgfmatrixcurrentrow=\count330
\pgfmatrixcurrentcolumn=\count331
\pgf@matrix@numberofcolumns=\count332
)
\tikz@expandcount=\count333
 (/usr/local/texlive/2025/texmf-dist/tex/generic/pgf/frontendlayer/tikz/libraries/tikzlibrarytopaths.code.tex
File: tikzlibrarytopaths.code.tex 2023-01-15 v3.1.10 (3.1.10)
))) (/usr/local/texlive/2025/texmf-dist/tex/latex/amscls/amsthm.sty
Package: amsthm 2020/05/29 v2.20.6
\thm@style=\toks37
\thm@bodyfont=\toks38
\thm@headfont=\toks39
\thm@notefont=\toks40
\thm@headpunct=\toks41
\thm@preskip=\skip59
\thm@postskip=\skip60
\thm@headsep=\skip61
\dth@everypar=\toks42
)
\c@theorem=\count334
\c@lemma=\count335
 (/usr/local/texlive/2025/texmf-dist/tex/latex/l3backend/l3backend-pdftex.def
File: l3backend-pdftex.def 2024-05-08 L3 backend support: PDF output (pdfTeX)
\l__color_backend_stack_int=\count336
\l__pdf_internal_box=\box68
) (./docProcess.aux)
\openout1 = `docProcess.aux'.

LaTeX Font Info:    Checking defaults for OML/cmm/m/it on input line 19.
LaTeX Font Info:    ... okay on input line 19.
LaTeX Font Info:    Checking defaults for OMS/cmsy/m/n on input line 19.
LaTeX Font Info:    ... okay on input line 19.
LaTeX Font Info:    Checking defaults for OT1/cmr/m/n on input line 19.
LaTeX Font Info:    ... okay on input line 19.
LaTeX Font Info:    Checking defaults for T1/cmr/m/n on input line 19.
LaTeX Font Info:    ... okay on input line 19.
LaTeX Font Info:    Checking defaults for TS1/cmr/m/n on input line 19.
LaTeX Font Info:    ... okay on input line 19.
LaTeX Font Info:    Checking defaults for OMX/cmex/m/n on input line 19.
LaTeX Font Info:    ... okay on input line 19.
LaTeX Font Info:    Checking defaults for U/cmr/m/n on input line 19.
LaTeX Font Info:    ... okay on input line 19.
LaTeX Font Info:    Checking defaults for PD1/pdf/m/n on input line 19.
LaTeX Font Info:    ... okay on input line 19.
LaTeX Font Info:    Checking defaults for PU/pdf/m/n on input line 19.
LaTeX Font Info:    ... okay on input line 19.

*geometry* driver: auto-detecting
*geometry* detected driver: pdftex
*geometry* verbose mode - [ preamble ] result:
* driver: pdftex
* paper: a4paper
* layout: <same size as paper>
* layoutoffset:(h,v)=(0.0pt,0.0pt)
* modes: 
* h-part:(L,W,R)=(72.26999pt, 452.9679pt, 72.26999pt)
* v-part:(T,H,B)=(72.26999pt, 700.50687pt, 72.26999pt)
* \paperwidth=597.50787pt
* \paperheight=845.04684pt
* \textwidth=452.9679pt
* \textheight=700.50687pt
* \oddsidemargin=0.0pt
* \evensidemargin=0.0pt
* \topmargin=-37.0pt
* \headheight=12.0pt
* \headsep=25.0pt
* \topskip=11.0pt
* \footskip=30.0pt
* \marginparwidth=59.0pt
* \marginparsep=10.0pt
* \columnsep=10.0pt
* \skip\footins=10.0pt plus 4.0pt minus 2.0pt
* \hoffset=0.0pt
* \voffset=0.0pt
* \mag=1000
* \@twocolumnfalse
* \@twosidefalse
* \@mparswitchfalse
* \@reversemarginfalse
* (1in=72.27pt=25.4mm, 1cm=28.453pt)

(/usr/local/texlive/2025/texmf-dist/tex/context/base/mkii/supp-pdf.mkii
[Loading MPS to PDF converter (version 2006.09.02).]
\scratchcounter=\count337
\scratchdimen=\dimen298
\scratchbox=\box69
\nofMPsegments=\count338
\nofMParguments=\count339
\everyMPshowfont=\toks43
\MPscratchCnt=\count340
\MPscratchDim=\dimen299
\MPnumerator=\count341
\makeMPintoPDFobject=\count342
\everyMPtoPDFconversion=\toks44
) (/usr/local/texlive/2025/texmf-dist/tex/latex/epstopdf-pkg/epstopdf-base.sty
Package: epstopdf-base 2020-01-24 v2.11 Base part for package epstopdf
Package epstopdf-base Info: Redefining graphics rule for `.eps' on input line 485.
 (/usr/local/texlive/2025/texmf-dist/tex/latex/latexconfig/epstopdf-sys.cfg
File: epstopdf-sys.cfg 2010/07/13 v1.3 Configuration of (r)epstopdf for TeX Live
))
Package hyperref Info: Link coloring OFF on input line 19.
 (./docProcess.out) (./docProcess.out)
\@outlinefile=\write4
\openout4 = `docProcess.out'.

\c@lstlisting=\count343
LaTeX Font Info:    Trying to load font information for U+msa on input line 21.
 (/usr/local/texlive/2025/texmf-dist/tex/latex/amsfonts/umsa.fd
File: umsa.fd 2013/01/14 v3.01 AMS symbols A
)
LaTeX Font Info:    Trying to load font information for U+msb on input line 21.
 (/usr/local/texlive/2025/texmf-dist/tex/latex/amsfonts/umsb.fd
File: umsb.fd 2013/01/14 v3.01 AMS symbols B
)
Overfull \hbox (66.38562pt too wide) in paragraph at lines 24--25
\OT1/cmr/m/n/10.95 by de-ter-min-is-tic im-ple-men-ta-tions and for-mal pat-tern for-mu-lae. Code orig-i-nates in \OT1/cmtt/m/n/10.95 src/integration/Alpha.m
 []



[1

{/usr/local/texlive/2025/texmf-var/fonts/map/pdftex/updmap/pdftex.map}{/usr/local/texlive/2025/texmf-dist/fonts/enc/dvips/cm-super/cm-super-ts1.enc}]
Overfull \hbox (83.52646pt too wide) in paragraph at lines 41--45
\OT1/cmr/m/n/10.95 tional re-la-tions hold. \OT1/cmr/bx/n/10.95 Ver-i-fi-ca-tion Arte-facts: \OT1/cmr/m/n/10.95 PAT-TERN sta-tuses at \OT1/cmtt/m/n/10.95 results/tests/pattern001/Status.txt\OT1/cmr/m/n/10.95 ,
 []


Overfull \hbox (62.66388pt too wide) in paragraph at lines 41--45
\OT1/cmtt/m/n/10.95 pattern002/Status.txt\OT1/cmr/m/n/10.95 , \OT1/cmtt/m/n/10.95 pattern003/Status.txt\OT1/cmr/m/n/10.95 ; ordering-invariance at \OT1/cmtt/m/n/10.95 pattern[]ordering/Status.txt\OT1/cmr/m/n/10.95 .
 []


Overfull \hbox (50.1258pt too wide) in paragraph at lines 41--45
\OT1/cmr/m/n/10.95 ANAL-Y-SIS sta-tuses: \OT1/cmtt/m/n/10.95 analysis[]and/Status.txt\OT1/cmr/m/n/10.95 , \OT1/cmtt/m/n/10.95 analysis[]or/Status.txt\OT1/cmr/m/n/10.95 , \OT1/cmtt/m/n/10.95 analysis[]xor/Status.txt\OT1/cmr/m/n/10.95 ,
 []


Overfull \hbox (124.16165pt too wide) in paragraph at lines 41--45
\OT1/cmtt/m/n/10.95 analysis[]xnor/Status.txt\OT1/cmr/m/n/10.95 , \OT1/cmtt/m/n/10.95 analysis[]nand/Status.txt\OT1/cmr/m/n/10.95 , \OT1/cmtt/m/n/10.95 analysis[]nor/Status.txt\OT1/cmr/m/n/10.95 , \OT1/cmtt/m/n/10.95 analysis[]implies/Status.txt\OT1/cmr/m/n/10.95 ,
 []


Overfull \hbox (108.05028pt too wide) in paragraph at lines 46--49
\OT1/cmr/bx/n/10.95 Artefacts: \OT1/cmtt/m/n/10.95 results/tests/sampling/XOR[]XNOR[]Samples.json\OT1/cmr/m/n/10.95 , \OT1/cmtt/m/n/10.95 results/tests/sampling/KOFN[]k2[]Samples.json\OT1/cmr/m/n/10.95 ,
 []


Overfull \hbox (97.08855pt too wide) in paragraph at lines 46--49
\OT1/cmtt/m/n/10.95 results/tests/sampling/CANALISING[]caseA[]Samples.json\OT1/cmr/m/n/10.95 , \OT1/cmtt/m/n/10.95 results/tests/sampling/IMPLIES[]Samples.json\OT1/cmr/m/n/10.95 ,
 []



[2]
Underfull \hbox (badness 10000) in paragraph at lines 110--117

 []


Overfull \hbox (0.8972pt too wide) in paragraph at lines 119--120
\OT1/cmr/m/n/10.95 ity ma-trix $\OML/cmm/m/it/10.95 cm$ \OT1/cmr/m/n/10.95 and gate dy-nam-ics $\OML/cmm/m/it/10.95 dynamic$\OT1/cmr/m/n/10.95 . Reper-toires are gen-er-ated us-ing \OT1/cmtt/m/n/10.95 CreateRepertoires
 []



[3]
Underfull \hbox (badness 10000) in paragraph at lines 150--158

 []



[4]
Underfull \hbox (badness 10000) in paragraph at lines 159--160

 []


Overfull \hbox (8.88452pt too wide) in paragraph at lines 162--165
\OT1/cmr/bx/n/10.95 Experimental De-sign: \OT1/cmr/m/n/10.95 We im-ple-ment \OT1/cmtt/m/n/10.95 RunDynamicDispatch \OT1/cmr/m/n/10.95 and \OT1/cmtt/m/n/10.95 CreateRepertoiresDispatch
 []


Overfull \hbox (33.97684pt too wide) in paragraph at lines 172--176
\OT1/cmr/bx/n/10.95 Artefacts: \OT1/cmtt/m/n/10.95 results/tests/gates002/LegacyVsDispatch.json\OT1/cmr/m/n/10.95 , \OT1/cmtt/m/n/10.95 ParamDispatch.json\OT1/cmr/m/n/10.95 , \OT1/cmtt/m/n/10.95 Status.txt\OT1/cmr/m/n/10.95 . 
 []



[5]
Underfull \hbox (badness 10000) in paragraph at lines 182--188

 []



[6]
Underfull \hbox (badness 10000) in paragraph at lines 243--244

 []


Overfull \hbox (161.79837pt too wide) in paragraph at lines 244--246
\OT1/cmr/m/n/10.95 duce OK sta-tus and up-dated arte-facts. See \OT1/cmtt/m/n/10.95 results/tests/pattern001/Status.txt\OT1/cmr/m/n/10.95 , \OT1/cmtt/m/n/10.95 results/tests/pattern002/Status.txt\OT1/cmr/m/n/10.95 ,
 []


Overfull \hbox (1.91092pt too wide) in paragraph at lines 244--246
\OT1/cmr/m/n/10.95 B/LSB enu-mer-a-tion con-firmed in \OT1/cmtt/m/n/10.95 results/tests/pattern[]ordering/Status.txt\OT1/cmr/m/n/10.95 . \OT1/cmr/bx/n/10.95 Arte-facts:
 []



[7]

[8]
Underfull \hbox (badness 10000) in paragraph at lines 317--318

 []


Underfull \hbox (badness 10000) in paragraph at lines 318--320

 []



[9]
LaTeX Font Info:    Trying to load font information for OMS+cmtt on input line 351.
LaTeX Font Info:    No file OMScmtt.fd. on input line 351.


LaTeX Font Warning: Font shape `OMS/cmtt/m/n' undefined
(Font)              using `OMS/cmsy/m/n' instead
(Font)              for symbol `textbraceleft' on input line 351.


Overfull \hbox (16.76112pt too wide) in paragraph at lines 359--360
\OT1/cmr/bx/n/10.95 Artefacts: \OT1/cmtt/m/n/10.95 results/analysis/not/TruthTable.json\OT1/cmr/m/n/10.95 , \OT1/cmtt/m/n/10.95 results/analysis/not/IndexSet.json\OT1/cmr/m/n/10.95 ,
 []


Overfull \hbox (129.97104pt too wide) in paragraph at lines 359--360
\OT1/cmtt/m/n/10.95 results/tests/analysis[]not/IndexSetNetwork[]NOT[]i2.json\OT1/cmr/m/n/10.95 , \OT1/cmtt/m/n/10.95 results/tests/analysis[]not/PropertiesStatus.txt\OT1/cmr/m/n/10.95 . 
 []



[10]
Overfull \hbox (32.39755pt too wide) in paragraph at lines 389--394
\OT1/cmr/bx/n/10.95 Artefacts: \OT1/cmtt/m/n/10.95 results/tests/analysis[]implies/TruthTableImplies.json\OT1/cmr/m/n/10.95 , \OT1/cmtt/m/n/10.95 IndexSetImplies.json\OT1/cmr/m/n/10.95 ,
 []


Overfull \hbox (16.57657pt too wide) in paragraph at lines 389--394
\OT1/cmtt/m/n/10.95 TruthTableNImplies.json\OT1/cmr/m/n/10.95 , \OT1/cmtt/m/n/10.95 IndexSetNImplies.json\OT1/cmr/m/n/10.95 , \OT1/cmtt/m/n/10.95 IndexSetNetwork[]IMPLIES[]pair1[]3.json\OT1/cmr/m/n/10.95 ,
 []


Overfull \hbox (159.48143pt too wide) in paragraph at lines 394--395
 []\OT1/cmr/bx/n/10.95 Verification Up-date[] \OT1/cmr/m/n/10.95 Truth ta-bles and in-dex sets val-i-dated de-ter-min-is-ti-cally; \OT1/cmtt/m/n/10.95 results/tests/analysis[]implies/Status.txt
 []



[11]
Overfull \hbox (50.53305pt too wide) in paragraph at lines 422--424
\OT1/cmr/bx/n/10.95 Artefacts: \OT1/cmtt/m/n/10.95 results/tests/analysis[]kofn/IndexSet[]k2.json\OT1/cmr/m/n/10.95 , \OT1/cmtt/m/n/10.95 IndexSet[]k0.json\OT1/cmr/m/n/10.95 , \OT1/cmtt/m/n/10.95 IndexSet[]k4.json\OT1/cmr/m/n/10.95 ,
 []


Overfull \hbox (34.05257pt too wide) in paragraph at lines 422--424
\OT1/cmtt/m/n/10.95 IndexSet[]k2[]strict.json\OT1/cmr/m/n/10.95 , \OT1/cmtt/m/n/10.95 IndexSetNetwork[]n4[]Ic2[]4[]k1.csv\OT1/cmr/m/n/10.95 , \OT1/cmtt/m/n/10.95 IndexSetNetwork[]n4[]Ic2[]4[]k2.csv\OT1/cmr/m/n/10.95 ,
 []



[12]
Overfull \hbox (46.42435pt too wide) in paragraph at lines 452--456
\OT1/cmr/bx/n/10.95 Artefacts: \OT1/cmtt/m/n/10.95 results/tests/analysis[]canalising/TruthTable[]caseA.json\OT1/cmr/m/n/10.95 , \OT1/cmtt/m/n/10.95 TruthTable[]caseB.json\OT1/cmr/m/n/10.95 ,
 []


Overfull \hbox (50.72296pt too wide) in paragraph at lines 462--466
\OT1/cmr/bx/n/10.95 Dispatch Im-ple-men-ta-tion: \OT1/cmr/m/n/10.95 We im-ple-ment \OT1/cmtt/m/n/10.95 Integration\TS1/cmtt/m/n/10.95 `\OT1/cmtt/m/n/10.95 Experiments::CreateRepertoiresDispatch
 []


Overfull \hbox (31.22789pt too wide) in paragraph at lines 467--468
[]\OT1/cmr/bx/n/10.95 Simple (n=3): \OT1/cmr/m/n/10.95 Mixed $\OMS/cmtt/m/n/10.95 f[]\OML/cmm/m/it/10.95 ; []; []\OMS/cmtt/m/n/10.95 g$ \OT1/cmr/m/n/10.95 with $\OML/cmm/m/it/10.95 cm \OT1/cmr/m/n/10.95 = []$. \OT1/cmtt/m/n/10.95 CreateRepertoiresDispatch
 []


Overfull \hbox (84.21375pt too wide) in paragraph at lines 468--469
[]\OT1/cmr/bx/n/10.95 Medium (n=3): \OT1/cmr/m/n/10.95 Mixed $\OMS/cmtt/m/n/10.95 f[]\OML/cmm/m/it/10.95 ; []; []\OMS/cmtt/m/n/10.95 g$ \OT1/cmr/m/n/10.95 with $\OML/cmm/m/it/10.95 cm \OT1/cmr/m/n/10.95 = []$. \OT1/cmtt/m/n/10.95 CreateRepertoiresDispatch
 []


Overfull \hbox (220.95111pt too wide) in paragraph at lines 470--471
[]\OT1/cmr/bx/n/10.95 Complex+ (n=10): \OT1/cmr/m/n/10.95 Dis-tinct gates as-signed across nodes $\OMS/cmtt/m/n/10.95 f[]\OML/cmm/m/it/10.95 ; []; []; []; []; []; []; []; []; []\OMS/cmtt/m/n/10.95 g$
 []



[13]
Overfull \hbox (31.09926pt too wide) in paragraph at lines 473--475
\OT1/cmr/bx/n/10.95 Acceptance Tests: \OT1/cmr/m/n/10.95 De-ter-min-is-tic con-sole tests ver-ify equal-ity be-tween \OT1/cmtt/m/n/10.95 CreateRepertoiresDispatch
 []


Overfull \hbox (56.94124pt too wide) in paragraph at lines 473--475
\OT1/cmr/bx/n/10.95 Artefacts: \OT1/cmtt/m/n/10.95 results/tests/mixed001/Example1.json\OT1/cmr/m/n/10.95 , \OT1/cmtt/m/n/10.95 Example2.json\OT1/cmr/m/n/10.95 , \OT1/cmtt/m/n/10.95 Example3.json\OT1/cmr/m/n/10.95 , \OT1/cmtt/m/n/10.95 Example4.json\OT1/cmr/m/n/10.95 ,
 []


Underfull \hbox (badness 10000) in paragraph at lines 473--475

 []


Overfull \hbox (29.68188pt too wide) in paragraph at lines 480--481
[]\OT1/cmr/m/n/10.95 Baseline: reper-toire gen-er-a-tion via \OT1/cmtt/m/n/10.95 Integration\TS1/cmtt/m/n/10.95 `\OT1/cmtt/m/n/10.95 Experiments::CreateRepertoiresDispatch\OT1/cmr/m/n/10.95 . 
 []

LaTeX Font Info:    Font shape `OT1/cmtt/bx/n' in size <10.95> not available
(Font)              Font shape `OT1/cmtt/m/n' tried instead on input line 483.

Overfull \hbox (234.86569pt too wide) detected at line 487
\OML/cmm/m/it/10.95 Y[]\OT1/cmr/m/n/10.95 (\OML/cmm/m/it/10.95 j; k\OT1/cmr/m/n/10.95 ) = \OML/cmm/m/it/10.95 R[][]v\OT1/cmr/m/n/10.95 (\OML/cmm/m/it/10.95 j\OT1/cmr/m/n/10.95 ); \OML/cmm/m/it/10.95 I[]; ^^R[][];  R[] \OMS/cmtt/m/n/10.95 2 f[]\OML/cmm/m/it/10.95 ; []; []; []; []; []; []; []; []; []; []; []\OMS/cmtt/m/n/10.95 g\OML/cmm/m/it/10.95 ;
 []



[14]
Overfull \hbox (147.57986pt too wide) in paragraph at lines 492--493
[]\OT1/cmr/bx/n/10.95 Medium-scale (n=10): \OT1/cmr/m/n/10.95 Mixed cat-a-logue $\OMS/cmtt/m/n/10.95 f[]\OML/cmm/m/it/10.95 ; []; []; []; []; []; []; []; []; []\OMS/cmtt/m/n/10.95 g$
 []


Overfull \hbox (38.95135pt too wide) in paragraph at lines 496--505
 [] 
 []


Overfull \hbox (2.33977pt too wide) in paragraph at lines 516--517
[]\OT1/cmr/m/n/10.95 Phase 1 (Small-scale): Com-pare ac-cu-racy and tim-ing on 3-node net-works (AND/OR/XOR;
 []


Overfull \hbox (5.2334pt too wide) in paragraph at lines 520--524
\OT1/cmr/bx/n/10.95 Artefacts: \OT1/cmtt/m/n/10.95 results/tests/mixed001Comparison/Phase1.json\OT1/cmr/m/n/10.95 , \OT1/cmtt/m/n/10.95 Phase2.json\OT1/cmr/m/n/10.95 , \OT1/cmtt/m/n/10.95 Summary.json\OT1/cmr/m/n/10.95 ,
 []



[15] (/usr/local/texlive/2025/texmf-dist/tex/latex/listings/lstlang1.sty
File: lstlang1.sty 2024/09/23 1.10c listings language file
) (/usr/local/texlive/2025/texmf-dist/tex/latex/listings/lstlang1.sty
File: lstlang1.sty 2024/09/23 1.10c listings language file
) (/usr/local/texlive/2025/texmf-dist/tex/latex/listings/lstlang1.sty
File: lstlang1.sty 2024/09/23 1.10c listings language file
) (/usr/local/texlive/2025/texmf-dist/tex/latex/listings/lstlang1.sty
File: lstlang1.sty 2024/09/23 1.10c listings language file
)
LaTeX Font Info:    Font shape `OT1/cmtt/bx/n' in size <10> not available
(Font)              Font shape `OT1/cmtt/m/n' tried instead on input line 528.


[16]
Overfull \hbox (22.50981pt too wide) in paragraph at lines 583--586
\OT1/cmr/bx/n/10.95 Artefacts: \OT1/cmtt/m/n/10.95 results/tests/mixed001FormulaVsExhaustive/Inputs.csv\OT1/cmr/m/n/10.95 , \OT1/cmtt/m/n/10.95 OutputsBaseline.csv\OT1/cmr/m/n/10.95 ,
 []


Overfull \hbox (61.61594pt too wide) in paragraph at lines 583--586
\OT1/cmtt/m/n/10.95 OutputsPredictive.csv\OT1/cmr/m/n/10.95 , \OT1/cmtt/m/n/10.95 OutputsPredictiveLib.csv\OT1/cmr/m/n/10.95 , \OT1/cmtt/m/n/10.95 OutputsPredictiveAnalytic.csv\OT1/cmr/m/n/10.95 , \OT1/cmtt/m/n/10.95 Summary.json\OT1/cmr/m/n/10.95 . 
 []



[17]
Overfull \hbox (95.60217pt too wide) in paragraph at lines 621--623
\OT1/cmr/bx/n/10.95 Artefacts: \OT1/cmr/m/n/10.95 En-sem-ble met-rics sum-maries un-der []$\OT1/cmtt/m/n/10.95 results / exper / topologies / TopologiesMixedDispatchMetrics .
 []


Overfull \hbox (17.80157pt too wide) in paragraph at lines 630--630
[]\OT1/cmr/bx/n/12 TSK-MIXED-003 (Ex-tended): Larger Mixed-Gate Ex-per-i-ment (10 Nodes) 
 []


Underfull \hbox (badness 10000) in paragraph at lines 631--635

 []



[18]
Package hyperref Info: bookmark level for unknown lstlisting defaults to 0 on input line 635.
 (../../results/tests/mixed001FormulaVsExhaustive/OutputsBaselineSample.txt)
Underfull \hbox (badness 10000) in paragraph at lines 636--639

 []

(../../results/tests/mixed001FormulaVsExhaustive/OutputsAnalyticSample.txt)
Overfull \hbox (62.06078pt too wide) in paragraph at lines 640--649
\OT1/cmr/bx/n/10.95 Artefacts: \OT1/cmtt/m/n/10.95 results/tests/mixed001FormulaVsExhaustive/OPB[]Node7[]Ones.csv\OT1/cmr/m/n/10.95 , \OT1/cmtt/m/n/10.95 OPB[]Node7[]Zeros.csv\OT1/cmr/m/n/10.95 ,
 []


Overfull \hbox (1.14809pt too wide) in paragraph at lines 640--649
[]$\OT1/cmtt/m/n/10.95 . . / . . / results / tests / mixed001FormulaVsExhaustive / Samples _ Base . csv$[]\OT1/cmr/m/n/10.95 , []$\OT1/cmtt/m/n/10.95 . . / . . / results /
 []


Overfull \hbox (29.83807pt too wide) in paragraph at lines 640--649
\OT1/cmr/bx/n/10.95 Step 4: Sub-set Pat-terns \OT1/cmr/m/n/10.95 For sub-set $\OMS/cmtt/m/n/10.95 f\OT1/cmr/m/n/10.95 1\OML/cmm/m/it/10.95 ; \OT1/cmr/m/n/10.95 3\OML/cmm/m/it/10.95 ; \OT1/cmr/m/n/10.95 5\OML/cmm/m/it/10.95 ; \OT1/cmr/m/n/10.95 7\OMS/cmtt/m/n/10.95 g$ \OT1/cmr/m/n/10.95 with pat-tern $\OMS/cmtt/m/n/10.95 f\OT1/cmr/m/n/10.95 0\OML/cmm/m/it/10.95 ; \OT1/cmr/m/n/10.95 0\OML/cmm/m/it/10.95 ; \OT1/cmr/m/n/10.95 0\OML/cmm/m/it/10.95 ; \OT1/cmr/m/n/10.95 0\OMS/cmtt/m/n/10.95 g$\OT1/cmr/m/n/10.95 , and sub-set $\OMS/cmtt/m/n/10.95 f\OT1/cmr/m/n/10.95 1\OML/cmm/m/it/10.95 ; \OT1/cmr/m/n/10.95 2\OML/cmm/m/it/10.95 ; \OT1/cmr/m/n/10.95 4\OML/cmm/m/it/10.95 ; \OT1/cmr/m/n/10.95 5\OML/cmm/m/it/10.95 ; \OT1/cmr/m/n/10.95 6\OML/cmm/m/it/10.95 ; \OT1/cmr/m/n/10.95 8\OML/cmm/m/it/10.95 ; \OT1/cmr/m/n/10.95 10\OMS/cmtt/m/n/10.95 g$
 []


Overfull \hbox (43.92528pt too wide) in paragraph at lines 640--649
\OT1/cmr/bx/n/10.95 Artefacts: \OT1/cmtt/m/n/10.95 results/tests/mixed001FormulaVsExhaustive/PatternSubset4[]IndicesAnalytic.csv\OT1/cmr/m/n/10.95 ,
 []


Overfull \hbox (143.0477pt too wide) in paragraph at lines 640--649
\OT1/cmtt/m/n/10.95 PatternSubset4[]IndicesBaseline.csv\OT1/cmr/m/n/10.95 , \OT1/cmtt/m/n/10.95 PatternSubset7[]IndicesAnalytic.csv\OT1/cmr/m/n/10.95 , \OT1/cmtt/m/n/10.95 PatternSubset7[]IndicesBaseline.csv\OT1/cmr/m/n/10.95 ,
 []


Underfull \hbox (badness 10000) in paragraph at lines 640--649

 []



[19] (../../results/tests/mixed001FormulaVsExhaustive/SubsetComparison_Base.tex) (../../results/tests/mixed001FormulaVsExhaustive/SubsetComparison_Analytic.tex)

[20]
Overfull \hbox (240.58997pt too wide) in paragraph at lines 689--690
\OT1/cmr/m/n/10.95 NOR, XNOR, NOT, IM-PLIES, NIM-PLIES, KOFN, MA-JOR-ITY). Arte-facts: \OT1/cmtt/m/n/10.95 results/tests/mixed001OnPossibleBehaviour/Behaviour.json\OT1/cmr/m/n/10.95 ,
 []


Overfull \hbox (4222.72308pt too wide) in paragraph at lines 718--719
[][] 
 []


Overfull \hbox (4222.72308pt too wide) in paragraph at lines 719--720
[][] 
 []



[21]
Overfull \hbox (46.10783pt too wide) in paragraph at lines 762--766
\OT1/cmr/m/n/10.95 con-ven-tion matches the reper-toire gen-er-a-tion (e.g., some im-ple-men-ta-tions use \OT1/cmtt/m/n/10.95 Reverse[IntegerDigits]\OT1/cmr/m/n/10.95 ). 
 []


Overfull \hbox (38.11589pt too wide) in paragraph at lines 774--776
\OT1/cmr/bx/n/10.95 Artefacts: \OT1/cmtt/m/n/10.95 results/tests/analysis[]and/AverageSensitivity.json\OT1/cmr/m/n/10.95 , \OT1/cmtt/m/n/10.95 Patterns.json\OT1/cmr/m/n/10.95 , \OT1/cmtt/m/n/10.95 Status.txt\OT1/cmr/m/n/10.95 . 
 []


Overfull \hbox (44.22533pt too wide) in paragraph at lines 776--777
\OT1/cmr/m/n/10.95 map-ping equal-ity) and sen-si-tiv-ity $[] = \OML/cmm/m/it/10.95 d=\OT1/cmr/m/n/10.95 2[]$. Sta-tus OK in \OT1/cmtt/m/n/10.95 results/tests/analysis[]and/Status.txt\OT1/cmr/m/n/10.95 . 
 []



[22]
Overfull \hbox (2.22397pt too wide) detected at line 833
\OMS/cmtt/m/n/10.95 B[] \OT1/cmr/m/n/10.95 = \OMS/cmtt/m/n/10.95 f\OT1/cmr/m/n/10.95 1 + 2 + ^^A :  ^^A \OMS/cmtt/m/n/10.95 2 f\OT1/cmr/m/n/10.95 0\OML/cmm/m/it/10.95 ; \OT1/cmr/m/n/10.95 1\OML/cmm/m/it/10.95 ; \OT1/cmr/m/n/10.95 4\OML/cmm/m/it/10.95 ; \OT1/cmr/m/n/10.95 5\OMS/cmtt/m/n/10.95 gg \OT1/cmr/m/n/10.95 = \OMS/cmtt/m/n/10.95 f\OT1/cmr/m/n/10.95 3\OML/cmm/m/it/10.95 ; \OT1/cmr/m/n/10.95 4\OML/cmm/m/it/10.95 ; \OT1/cmr/m/n/10.95 7\OML/cmm/m/it/10.95 ; \OT1/cmr/m/n/10.95 8\OMS/cmtt/m/n/10.95 g\OML/cmm/m/it/10.95 ;  \OMS/cmtt/m/n/10.95 B[] \OT1/cmr/m/n/10.95 = \OMS/cmtt/m/n/10.95 f\OT1/cmr/m/n/10.95 1 + 4 + ^^A :  ^^A \OMS/cmtt/m/n/10.95 2 f\OT1/cmr/m/n/10.95 0\OML/cmm/m/it/10.95 ; \OT1/cmr/m/n/10.95 1\OML/cmm/m/it/10.95 ; \OT1/cmr/m/n/10.95 2\OML/cmm/m/it/10.95 ; \OT1/cmr/m/n/10.95 3\OMS/cmtt/m/n/10.95 gg \OT1/cmr/m/n/10.95 = \OMS/cmtt/m/n/10.95 f\OT1/cmr/m/n/10.95 5\OML/cmm/m/it/10.95 ; \OT1/cmr/m/n/10.95 6\OML/cmm/m/it/10.95 ; \OT1/cmr/m/n/10.95 7\OML/cmm/m/it/10.95 ; \OT1/cmr/m/n/10.95 8\OMS/cmtt/m/n/10.95 g\OML/cmm/m/it/10.95 :
 []



[23]
Overfull \hbox (32.3672pt too wide) in paragraph at lines 838--842
\OT1/cmr/bx/n/10.95 Artefacts: \OT1/cmtt/m/n/10.95 results/tests/analysis[]or/AverageSensitivity.json\OT1/cmr/m/n/10.95 , \OT1/cmtt/m/n/10.95 Patterns.json\OT1/cmr/m/n/10.95 , \OT1/cmtt/m/n/10.95 Status.txt\OT1/cmr/m/n/10.95 . 
 []


Overfull \hbox (84.60356pt too wide) in paragraph at lines 842--843
\OT1/cmr/m/n/10.95 der-ing ($\OML/cmm/m/it/10.95 '$ \OT1/cmr/m/n/10.95 map-ping equal-ity) and sen-si-tiv-ity $[] = \OML/cmm/m/it/10.95 d=\OT1/cmr/m/n/10.95 2[]$. Sta-tus OK in \OT1/cmtt/m/n/10.95 results/tests/analysis[]or/Status.txt\OT1/cmr/m/n/10.95 . 
 []


Overfull \hbox (68.9818pt too wide) in paragraph at lines 854--855
\OT1/cmr/m/n/10.95 er-ages val-i-dated; com-piled suc-cess-fully. Arte-facts: \OT1/cmtt/m/n/10.95 results/tests/analysis[]or/AverageSensitivity.json\OT1/cmr/m/n/10.95 ,
 []



[24]
Overfull \hbox (8.85255pt too wide) in paragraph at lines 881--894
\OT1/cmr/bx/n/10.95 Worked Ex-am-ple (n=3, $\OML/cmm/m/it/10.95 I[] \OT1/cmr/m/n/10.95 = \OMS/cmtt/m/n/10.95 f\OT1/cmr/m/n/10.95 2\OML/cmm/m/it/10.95 ; \OT1/cmr/m/n/10.95 3\OMS/cmtt/m/n/10.95 g$\OT1/cmr/bx/n/10.95 ): \OT1/cmr/m/n/10.95 With in-puts $\OMS/cmtt/m/n/10.95 f\OT1/cmr/m/n/10.95 0\OML/cmm/m/it/10.95 ; [] ; \OT1/cmr/m/n/10.95 7\OMS/cmtt/m/n/10.95 g$ \OT1/cmr/m/n/10.95 mapped to $\OMS/cmtt/m/n/10.95 f\OT1/cmr/m/n/10.95 (0\OML/cmm/m/it/10.95 ; \OT1/cmr/m/n/10.95 0\OML/cmm/m/it/10.95 ; \OT1/cmr/m/n/10.95 0)\OML/cmm/m/it/10.95 ; [] ; \OT1/cmr/m/n/10.95 (1\OML/cmm/m/it/10.95 ; \OT1/cmr/m/n/10.95 1\OML/cmm/m/it/10.95 ; \OT1/cmr/m/n/10.95 1)\OMS/cmtt/m/n/10.95 g$\OT1/cmr/m/n/10.95 ,
 []


Overfull \hbox (107.10014pt too wide) in paragraph at lines 881--894
\OT1/cmr/bx/n/10.95 Artefacts: \OT1/cmtt/m/n/10.95 results/tests/analysis[]xor/AverageSensitivity.json\OT1/cmr/m/n/10.95 , \OT1/cmtt/m/n/10.95 Patterns.json\OT1/cmr/m/n/10.95 , \OT1/cmtt/m/n/10.95 XORIndexEmpirical.json\OT1/cmr/m/n/10.95 ,
 []


Overfull \hbox (2.00859pt too wide) in paragraph at lines 894--895
\OT1/cmr/m/n/10.95 er-age sen-si-tiv-ity $[] = \OML/cmm/m/it/10.95 d$ \OT1/cmr/m/n/10.95 for $\OML/cmm/m/it/10.95 d \OT1/cmr/m/n/10.95 = 1 [] 4$. Sta-tus OK in \OT1/cmtt/m/n/10.95 results/tests/analysis[]xor/Status.txt\OT1/cmr/m/n/10.95 . 
 []



[25]

[26]

[27]
Overfull \hbox (149.4738pt too wide) in paragraph at lines 1037--1051
\OT1/cmr/m/n/10.95 via $\OML/cmm/m/it/10.95 '$ \OT1/cmr/m/n/10.95 to MSB-first. \OT1/cmr/bx/n/10.95 Arte-facts: \OT1/cmtt/m/n/10.95 results/tests/theory005/OrderingPolicy.json\OT1/cmr/m/n/10.95 , \OT1/cmtt/m/n/10.95 results/tests/theory005/Status.txt\OT1/cmr/m/n/10.95 . 
 []



[28]

[29]
Overfull \hbox (21.25317pt too wide) in paragraph at lines 1072--1085
\OT1/cmtt/m/n/10.95 Integration\TS1/cmtt/m/n/10.95 `\OT1/cmtt/m/n/10.95 Gates::IndexSetNetwork\OT1/cmr/m/n/10.95 . \OT1/cmr/bx/n/10.95 Ex-am-ples: \OT1/cmr/m/n/10.95 For $\OML/cmm/m/it/10.95 n \OT1/cmr/m/n/10.95 = 3\OML/cmm/m/it/10.95 ; I[] \OT1/cmr/m/n/10.95 = \OMS/cmtt/m/n/10.95 f\OT1/cmr/m/n/10.95 2\OML/cmm/m/it/10.95 ; \OT1/cmr/m/n/10.95 3\OMS/cmtt/m/n/10.95 g$\OT1/cmr/m/n/10.95 : $\OML/cmm/m/it/10.95 J[] \OT1/cmr/m/n/10.95 = \OMS/cmtt/m/n/10.95 f\OT1/cmr/m/n/10.95 3\OML/cmm/m/it/10.95 ; \OT1/cmr/m/n/10.95 4\OML/cmm/m/it/10.95 ; \OT1/cmr/m/n/10.95 5\OML/cmm/m/it/10.95 ; \OT1/cmr/m/n/10.95 6\OML/cmm/m/it/10.95 ; \OT1/cmr/m/n/10.95 7\OML/cmm/m/it/10.95 ; \OT1/cmr/m/n/10.95 8\OMS/cmtt/m/n/10.95 g$
 []


Overfull \hbox (136.92673pt too wide) in paragraph at lines 1072--1085
\OT1/cmr/m/n/10.95 free el-e-ments. \OT1/cmr/bx/n/10.95 Arte-facts: \OT1/cmtt/m/n/10.95 results/tests/theory006/Compositionality.json\OT1/cmr/m/n/10.95 , \OT1/cmtt/m/n/10.95 results/tests/theory006/Status.txt\OT1/cmr/m/n/10.95 . 
 []



[30]

[31]
Overfull \hbox (25.21683pt too wide) in paragraph at lines 1142--1143
\OT1/cmr/bx/n/10.95 Artefacts: []$\OT1/cmtt/m/n/10.95 . . / . . / results / tests / theory001 / Metrics . json$[]\OT1/cmr/m/n/10.95 , []$\OT1/cmtt/m/n/10.95 . . / . . / results / tests / theory001 /
 []


Overfull \hbox (25.21683pt too wide) in paragraph at lines 1145--1150
\OT1/cmr/bx/n/10.95 Artefacts: []$\OT1/cmtt/m/n/10.95 . . / . . / results / tests / theory002 / Metrics . json$[]\OT1/cmr/m/n/10.95 , []$\OT1/cmtt/m/n/10.95 . . / . . / results / tests / theory002 /
 []



[32]

[33]

[34]

[35] (./docProcess.aux)
 ***********
LaTeX2e <2024-11-01> patch level 2
L3 programming layer <2025-01-18>
 ***********


LaTeX Font Warning: Some font shapes were not available, defaults substituted.

Package rerunfilecheck Info: File `docProcess.out' has not changed.
(rerunfilecheck)             Checksum: 18123F5D94167249BBE169BDF20CC6DB;13353.
 ) 
Here is how much of TeX's memory you used:
 31165 strings out of 473190
 573802 string characters out of 5715801
 2460355 words of memory out of 5000000
 53723 multiletter control sequences out of 15000+600000
 568995 words of font info for 75 fonts, out of 8000000 for 9000
 1141 hyphenation exceptions out of 8191
 84i,9n,87p,887b,8744s stack positions out of 10000i,1000n,20000p,200000b,200000s
</usr/local/texlive/2025/texmf-dist/fonts/type1/public/amsfonts/cm/cmbx10.pfb></usr/local/texlive/2025/texmf-dist/fonts/type1/public/amsfonts/cm/cmbx12.pfb></usr/local/texlive/2025/texmf-dist/fonts/type1/public/amsfonts/cm/cmex10.pfb></usr/local/texlive/2025/texmf-dist/fonts/type1/public/amsfonts/cm/cmitt10.pfb></usr/local/texlive/2025/texmf-dist/fonts/type1/public/amsfonts/cm/cmmi10.pfb></usr/local/texlive/2025/texmf-dist/fonts/type1/public/amsfonts/cm/cmmi6.pfb></usr/local/texlive/2025/texmf-dist/fonts/type1/public/amsfonts/cm/cmmi8.pfb></usr/local/texlive/2025/texmf-dist/fonts/type1/public/amsfonts/cm/cmr10.pfb></usr/local/texlive/2025/texmf-dist/fonts/type1/public/amsfonts/cm/cmr12.pfb></usr/local/texlive/2025/texmf-dist/fonts/type1/public/amsfonts/cm/cmr17.pfb></usr/local/texlive/2025/texmf-dist/fonts/type1/public/amsfonts/cm/cmr6.pfb></usr/local/texlive/2025/texmf-dist/fonts/type1/public/amsfonts/cm/cmr8.pfb></usr/local/texlive/2025/texmf-dist/fonts/type1/public/amsfonts/cm/cmsy10.pfb></usr/local/texlive/2025/texmf-dist/fonts/type1/public/amsfonts/cm/cmsy8.pfb></usr/local/texlive/2025/texmf-dist/fonts/type1/public/amsfonts/cm/cmti10.pfb></usr/local/texlive/2025/texmf-dist/fonts/type1/public/amsfonts/cm/cmtt10.pfb></usr/local/texlive/2025/texmf-dist/fonts/type1/public/amsfonts/symbols/msbm10.pfb></usr/local/texlive/2025/texmf-dist/fonts/type1/public/cm-super/sfrm1095.pfb></usr/local/texlive/2025/texmf-dist/fonts/type1/public/cm-super/sftt1095.pfb>
Output written on docProcess.pdf (35 pages, 396956 bytes).
PDF statistics:
 773 PDF objects out of 1000 (max. 8388607)
 691 compressed objects within 7 object streams
 312 named destinations out of 1000 (max. 500000)
 381 words of extra memory for PDF output out of 10000 (max. 10000000)

